Dataset: 200 pairs
JA vocab (char-level): 25
EN vocab (word-level): 19
Example: '花子は大阪に住む。' → 'Hanako lives in Osaka .'

--- Training (300 epochs, batch=32) ---
Epoch  50  loss = 0.0418
Epoch 100  loss = 0.0069
Epoch 150  loss = 0.0030
Epoch 200  loss = 0.0017
Epoch 250  loss = 0.0011
Epoch 300  loss = 0.0007

Runtime: 4.3s

BLEU-1 on 20 test pairs: 100.0%

--- Translation Demo (10 sentences) ---
  JA : 田中は東京に働く。
  REF: Tanaka works at Tokyo .
  HYP: Tanaka works at Tokyo .  ✓

  JA : 山田は名古屋に働く。
  REF: Yamada works at Nagoya .
  HYP: Yamada works at Nagoya .  ✓

  JA : 山田は名古屋に働く。
  REF: Yamada works at Nagoya .
  HYP: Yamada works at Nagoya .  ✓

  JA : 山田は大阪に働く。
  REF: Yamada works at Osaka .
  HYP: Yamada works at Osaka .  ✓

  JA : 鈴木は京都に来る。
  REF: Suzuki comes to Kyoto .
  HYP: Suzuki comes to Kyoto .  ✓

  JA : 田中は名古屋に働く。
  REF: Tanaka works at Nagoya .
  HYP: Tanaka works at Nagoya .  ✓

  JA : 鈴木は京都に働く。
  REF: Suzuki works at Kyoto .
  HYP: Suzuki works at Kyoto .  ✓

  JA : 田中は東京に来る。
  REF: Tanaka comes to Tokyo .
  HYP: Tanaka comes to Tokyo .  ✓

  JA : 鈴木は京都に来る。
  REF: Suzuki comes to Kyoto .
  HYP: Suzuki comes to Kyoto .  ✓

  JA : 鈴木は名古屋に来る。
  REF: Suzuki comes to Nagoya .
  HYP: Suzuki comes to Nagoya .  ✓

Saved results to /Users/matsumura-tao/sources/imai-lab/deep-learning-from-scratch-2/nlp_applications/experiments/02-seq2seq-translation/results.json
